2021/12/01-21:05:35.315 [main] INFO  com.zekizheng.trading.UniversityTradingSystemApplicationTests- Starting UniversityTradingSystemApplicationTests using Java 1.8.0_241 on azongdeMacBook-Pro.local with PID 6922 (started by zongzi in /Users/zongzi/Developer/university-trading-system-backend)
2021/12/01-21:05:35.318 [main] INFO  com.zekizheng.trading.UniversityTradingSystemApplicationTests- No active profile set, falling back to default profiles: default
2021/12/01-21:05:35.980 [main] WARN  org.mybatis.spring.mapper.ClassPathMapperScanner- No MyBatis mapper was found in '[com.zekizheng.trading]' package. Please check your configuration.
2021/12/01-21:05:37.352 [main] INFO  com.zekizheng.trading.UniversityTradingSystemApplicationTests- Started UniversityTradingSystemApplicationTests in 2.628 seconds (JVM running for 4.048)
2021/12/01-21:05:37.403 [main] ERROR org.springframework.test.context.TestContextManager- Caught exception while allowing TestExecutionListener [org.springframework.boot.test.autoconfigure.SpringBootDependencyInjectionTestExecutionListener@740cae06] to prepare test instance [com.zekizheng.trading.UniversityTradingSystemApplicationTests@3d904e9c]
org.springframework.beans.factory.UnsatisfiedDependencyException: Error creating bean with name 'com.zekizheng.trading.UniversityTradingSystemApplicationTests': Unsatisfied dependency expressed through field 'studentMapper'; nested exception is org.springframework.beans.factory.NoSuchBeanDefinitionException: No qualifying bean of type 'com.zekizheng.trading.mapper.StudentMapper' available: expected at least 1 bean which qualifies as autowire candidate. Dependency annotations: {@org.springframework.beans.factory.annotation.Autowired(required=true)}
	at org.springframework.beans.factory.annotation.AutowiredAnnotationBeanPostProcessor$AutowiredFieldElement.resolveFieldValue(AutowiredAnnotationBeanPostProcessor.java:660)
	at org.springframework.beans.factory.annotation.AutowiredAnnotationBeanPostProcessor$AutowiredFieldElement.inject(AutowiredAnnotationBeanPostProcessor.java:640)
	at org.springframework.beans.factory.annotation.InjectionMetadata.inject(InjectionMetadata.java:119)
	at org.springframework.beans.factory.annotation.AutowiredAnnotationBeanPostProcessor.postProcessProperties(AutowiredAnnotationBeanPostProcessor.java:399)
	at org.springframework.beans.factory.support.AbstractAutowireCapableBeanFactory.populateBean(AbstractAutowireCapableBeanFactory.java:1431)
	at org.springframework.beans.factory.support.AbstractAutowireCapableBeanFactory.autowireBeanProperties(AbstractAutowireCapableBeanFactory.java:417)
	at org.springframework.test.context.support.DependencyInjectionTestExecutionListener.injectDependencies(DependencyInjectionTestExecutionListener.java:119)
	at org.springframework.test.context.support.DependencyInjectionTestExecutionListener.prepareTestInstance(DependencyInjectionTestExecutionListener.java:83)
	at org.springframework.boot.test.autoconfigure.SpringBootDependencyInjectionTestExecutionListener.prepareTestInstance(SpringBootDependencyInjectionTestExecutionListener.java:43)
	at org.springframework.test.context.TestContextManager.prepareTestInstance(TestContextManager.java:248)
	at org.springframework.test.context.junit.jupiter.SpringExtension.postProcessTestInstance(SpringExtension.java:138)
	at org.junit.jupiter.engine.descriptor.ClassBasedTestDescriptor.lambda$invokeTestInstancePostProcessors$6(ClassBasedTestDescriptor.java:350)
	at org.junit.jupiter.engine.descriptor.ClassBasedTestDescriptor.executeAndMaskThrowable(ClassBasedTestDescriptor.java:355)
	at org.junit.jupiter.engine.descriptor.ClassBasedTestDescriptor.lambda$invokeTestInstancePostProcessors$7(ClassBasedTestDescriptor.java:350)
	at java.util.stream.ReferencePipeline$3$1.accept(ReferencePipeline.java:193)
	at java.util.stream.ReferencePipeline$2$1.accept(ReferencePipeline.java:175)
	at java.util.ArrayList$ArrayListSpliterator.forEachRemaining(ArrayList.java:1382)
	at java.util.stream.AbstractPipeline.copyInto(AbstractPipeline.java:482)
	at java.util.stream.AbstractPipeline.wrapAndCopyInto(AbstractPipeline.java:472)
	at java.util.stream.StreamSpliterators$WrappingSpliterator.forEachRemaining(StreamSpliterators.java:312)
	at java.util.stream.Streams$ConcatSpliterator.forEachRemaining(Streams.java:743)
	at java.util.stream.Streams$ConcatSpliterator.forEachRemaining(Streams.java:742)
	at java.util.stream.ReferencePipeline$Head.forEach(ReferencePipeline.java:580)
	at org.junit.jupiter.engine.descriptor.ClassBasedTestDescriptor.invokeTestInstancePostProcessors(ClassBasedTestDescriptor.java:349)
	at org.junit.jupiter.engine.descriptor.ClassBasedTestDescriptor.lambda$instantiateAndPostProcessTestInstance$4(ClassBasedTestDescriptor.java:270)
	at org.junit.platform.engine.support.hierarchical.ThrowableCollector.execute(ThrowableCollector.java:73)
	at org.junit.jupiter.engine.descriptor.ClassBasedTestDescriptor.instantiateAndPostProcessTestInstance(ClassBasedTestDescriptor.java:269)
	at org.junit.jupiter.engine.descriptor.ClassBasedTestDescriptor.lambda$testInstancesProvider$2(ClassBasedTestDescriptor.java:259)
	at java.util.Optional.orElseGet(Optional.java:267)
	at org.junit.jupiter.engine.descriptor.ClassBasedTestDescriptor.lambda$testInstancesProvider$3(ClassBasedTestDescriptor.java:258)
	at org.junit.jupiter.engine.execution.TestInstancesProvider.getTestInstances(TestInstancesProvider.java:31)
	at org.junit.jupiter.engine.descriptor.TestMethodTestDescriptor.lambda$prepare$0(TestMethodTestDescriptor.java:101)
	at org.junit.platform.engine.support.hierarchical.ThrowableCollector.execute(ThrowableCollector.java:73)
	at org.junit.jupiter.engine.descriptor.TestMethodTestDescriptor.prepare(TestMethodTestDescriptor.java:100)
	at org.junit.jupiter.engine.descriptor.TestMethodTestDescriptor.prepare(TestMethodTestDescriptor.java:65)
	at org.junit.platform.engine.support.hierarchical.NodeTestTask.lambda$prepare$1(NodeTestTask.java:111)
	at org.junit.platform.engine.support.hierarchical.ThrowableCollector.execute(ThrowableCollector.java:73)
	at org.junit.platform.engine.support.hierarchical.NodeTestTask.prepare(NodeTestTask.java:111)
	at org.junit.platform.engine.support.hierarchical.NodeTestTask.execute(NodeTestTask.java:79)
	at java.util.ArrayList.forEach(ArrayList.java:1257)
	at org.junit.platform.engine.support.hierarchical.SameThreadHierarchicalTestExecutorService.invokeAll(SameThreadHierarchicalTestExecutorService.java:38)
	at org.junit.platform.engine.support.hierarchical.NodeTestTask.lambda$executeRecursively$5(NodeTestTask.java:143)
	at org.junit.platform.engine.support.hierarchical.ThrowableCollector.execute(ThrowableCollector.java:73)
	at org.junit.platform.engine.support.hierarchical.NodeTestTask.lambda$executeRecursively$7(NodeTestTask.java:129)
	at org.junit.platform.engine.support.hierarchical.Node.around(Node.java:137)
	at org.junit.platform.engine.support.hierarchical.NodeTestTask.lambda$executeRecursively$8(NodeTestTask.java:127)
	at org.junit.platform.engine.support.hierarchical.ThrowableCollector.execute(ThrowableCollector.java:73)
	at org.junit.platform.engine.support.hierarchical.NodeTestTask.executeRecursively(NodeTestTask.java:126)
	at org.junit.platform.engine.support.hierarchical.NodeTestTask.execute(NodeTestTask.java:84)
	at java.util.ArrayList.forEach(ArrayList.java:1257)
	at org.junit.platform.engine.support.hierarchical.SameThreadHierarchicalTestExecutorService.invokeAll(SameThreadHierarchicalTestExecutorService.java:38)
	at org.junit.platform.engine.support.hierarchical.NodeTestTask.lambda$executeRecursively$5(NodeTestTask.java:143)
	at org.junit.platform.engine.support.hierarchical.ThrowableCollector.execute(ThrowableCollector.java:73)
	at org.junit.platform.engine.support.hierarchical.NodeTestTask.lambda$executeRecursively$7(NodeTestTask.java:129)
	at org.junit.platform.engine.support.hierarchical.Node.around(Node.java:137)
	at org.junit.platform.engine.support.hierarchical.NodeTestTask.lambda$executeRecursively$8(NodeTestTask.java:127)
	at org.junit.platform.engine.support.hierarchical.ThrowableCollector.execute(ThrowableCollector.java:73)
	at org.junit.platform.engine.support.hierarchical.NodeTestTask.executeRecursively(NodeTestTask.java:126)
	at org.junit.platform.engine.support.hierarchical.NodeTestTask.execute(NodeTestTask.java:84)
	at org.junit.platform.engine.support.hierarchical.SameThreadHierarchicalTestExecutorService.submit(SameThreadHierarchicalTestExecutorService.java:32)
	at org.junit.platform.engine.support.hierarchical.HierarchicalTestExecutor.execute(HierarchicalTestExecutor.java:57)
	at org.junit.platform.engine.support.hierarchical.HierarchicalTestEngine.execute(HierarchicalTestEngine.java:51)
	at org.junit.platform.launcher.core.EngineExecutionOrchestrator.execute(EngineExecutionOrchestrator.java:108)
	at org.junit.platform.launcher.core.EngineExecutionOrchestrator.execute(EngineExecutionOrchestrator.java:88)
	at org.junit.platform.launcher.core.EngineExecutionOrchestrator.lambda$execute$0(EngineExecutionOrchestrator.java:54)
	at org.junit.platform.launcher.core.EngineExecutionOrchestrator.withInterceptedStreams(EngineExecutionOrchestrator.java:67)
	at org.junit.platform.launcher.core.EngineExecutionOrchestrator.execute(EngineExecutionOrchestrator.java:52)
	at org.junit.platform.launcher.core.DefaultLauncher.execute(DefaultLauncher.java:96)
	at org.junit.platform.launcher.core.DefaultLauncher.execute(DefaultLauncher.java:75)
	at com.intellij.junit5.JUnit5IdeaTestRunner.startRunnerWithArgs(JUnit5IdeaTestRunner.java:71)
	at com.intellij.rt.junit.IdeaTestRunner$Repeater.startRunnerWithArgs(IdeaTestRunner.java:33)
	at com.intellij.rt.junit.JUnitStarter.prepareStreamsAndStart(JUnitStarter.java:220)
	at com.intellij.rt.junit.JUnitStarter.main(JUnitStarter.java:53)
Caused by: org.springframework.beans.factory.NoSuchBeanDefinitionException: No qualifying bean of type 'com.zekizheng.trading.mapper.StudentMapper' available: expected at least 1 bean which qualifies as autowire candidate. Dependency annotations: {@org.springframework.beans.factory.annotation.Autowired(required=true)}
	at org.springframework.beans.factory.support.DefaultListableBeanFactory.raiseNoMatchingBeanFound(DefaultListableBeanFactory.java:1790)
	at org.springframework.beans.factory.support.DefaultListableBeanFactory.doResolveDependency(DefaultListableBeanFactory.java:1346)
	at org.springframework.beans.factory.support.DefaultListableBeanFactory.resolveDependency(DefaultListableBeanFactory.java:1300)
	at org.springframework.beans.factory.annotation.AutowiredAnnotationBeanPostProcessor$AutowiredFieldElement.resolveFieldValue(AutowiredAnnotationBeanPostProcessor.java:657)
	... 72 common frames omitted
2021/12/01-21:06:08.265 [main] INFO  com.zekizheng.trading.UniversityTradingSystemApplicationTests- Starting UniversityTradingSystemApplicationTests using Java 1.8.0_241 on azongdeMacBook-Pro.local with PID 6944 (started by zongzi in /Users/zongzi/Developer/university-trading-system-backend)
2021/12/01-21:06:08.269 [main] INFO  com.zekizheng.trading.UniversityTradingSystemApplicationTests- No active profile set, falling back to default profiles: default
2021/12/01-21:06:10.656 [main] INFO  com.zekizheng.trading.UniversityTradingSystemApplicationTests- Started UniversityTradingSystemApplicationTests in 2.849 seconds (JVM running for 4.063)
2021/12/01-21:06:10.973 [main] INFO  com.zaxxer.hikari.HikariDataSource- HikariPool-1 - Starting...
2021/12/01-21:06:11.188 [main] INFO  com.zaxxer.hikari.HikariDataSource- HikariPool-1 - Start completed.
2021/12/01-21:06:11.273 [SpringApplicationShutdownHook] INFO  com.zaxxer.hikari.HikariDataSource- HikariPool-1 - Shutdown initiated...
2021/12/01-21:06:11.285 [SpringApplicationShutdownHook] INFO  com.zaxxer.hikari.HikariDataSource- HikariPool-1 - Shutdown completed.
2021/12/01-22:12:34.244 [main] INFO  com.zekizheng.trading.UniversityTradingSystemApplicationTests- Starting UniversityTradingSystemApplicationTests using Java 1.8.0_241 on azongdeMacBook-Pro.local with PID 7613 (started by zongzi in /Users/zongzi/Developer/university-trading-system-backend)
2021/12/01-22:12:34.248 [main] INFO  com.zekizheng.trading.UniversityTradingSystemApplicationTests- No active profile set, falling back to default profiles: default
2021/12/01-22:12:36.552 [main] INFO  com.zekizheng.trading.UniversityTradingSystemApplicationTests- Started UniversityTradingSystemApplicationTests in 2.921 seconds (JVM running for 3.922)
2021/12/01-22:12:36.861 [main] INFO  com.zaxxer.hikari.HikariDataSource- HikariPool-1 - Starting...
2021/12/01-22:12:37.056 [main] INFO  com.zaxxer.hikari.HikariDataSource- HikariPool-1 - Start completed.
2021/12/01-22:12:37.155 [SpringApplicationShutdownHook] INFO  com.zaxxer.hikari.HikariDataSource- HikariPool-1 - Shutdown initiated...
2021/12/01-22:12:37.165 [SpringApplicationShutdownHook] INFO  com.zaxxer.hikari.HikariDataSource- HikariPool-1 - Shutdown completed.
2021/12/01-22:26:31.597 [main] INFO  com.zekizheng.trading.UniversityTradingSystemApplicationTests- Starting UniversityTradingSystemApplicationTests using Java 1.8.0_241 on azongdeMacBook-Pro.local with PID 8099 (started by zongzi in /Users/zongzi/Developer/university-trading-system-backend)
2021/12/01-22:26:31.600 [main] INFO  com.zekizheng.trading.UniversityTradingSystemApplicationTests- No active profile set, falling back to default profiles: default
2021/12/01-22:26:33.763 [main] INFO  com.zekizheng.trading.UniversityTradingSystemApplicationTests- Started UniversityTradingSystemApplicationTests in 2.604 seconds (JVM running for 3.537)
2021/12/01-22:29:57.318 [main] INFO  com.zekizheng.trading.UniversityTradingSystemApplicationTests- Starting UniversityTradingSystemApplicationTests using Java 1.8.0_241 on azongdeMacBook-Pro.local with PID 8161 (started by zongzi in /Users/zongzi/Developer/university-trading-system-backend)
2021/12/01-22:29:57.320 [main] INFO  com.zekizheng.trading.UniversityTradingSystemApplicationTests- No active profile set, falling back to default profiles: default
2021/12/01-22:29:59.390 [main] INFO  com.zekizheng.trading.UniversityTradingSystemApplicationTests- Started UniversityTradingSystemApplicationTests in 2.566 seconds (JVM running for 3.572)
2021/12/01-22:30:31.193 [main] INFO  com.zekizheng.trading.UniversityTradingSystemApplicationTests- Starting UniversityTradingSystemApplicationTests using Java 1.8.0_241 on azongdeMacBook-Pro.local with PID 8172 (started by zongzi in /Users/zongzi/Developer/university-trading-system-backend)
2021/12/01-22:30:31.195 [main] INFO  com.zekizheng.trading.UniversityTradingSystemApplicationTests- No active profile set, falling back to default profiles: default
2021/12/01-22:30:33.278 [main] INFO  com.zekizheng.trading.UniversityTradingSystemApplicationTests- Started UniversityTradingSystemApplicationTests in 2.398 seconds (JVM running for 3.306)
2021/12/01-22:34:47.757 [main] INFO  com.zekizheng.trading.UniversityTradingSystemApplicationTests- Starting UniversityTradingSystemApplicationTests using Java 1.8.0_241 on azongdeMacBook-Pro.local with PID 8251 (started by zongzi in /Users/zongzi/Developer/university-trading-system-backend)
2021/12/01-22:34:47.760 [main] INFO  com.zekizheng.trading.UniversityTradingSystemApplicationTests- No active profile set, falling back to default profiles: default
2021/12/01-22:34:49.744 [main] INFO  com.zekizheng.trading.UniversityTradingSystemApplicationTests- Started UniversityTradingSystemApplicationTests in 2.537 seconds (JVM running for 3.502)
2021/12/01-22:36:13.198 [main] INFO  com.zekizheng.trading.UniversityTradingSystemApplicationTests- Starting UniversityTradingSystemApplicationTests using Java 1.8.0_241 on azongdeMacBook-Pro.local with PID 8272 (started by zongzi in /Users/zongzi/Developer/university-trading-system-backend)
2021/12/01-22:36:13.201 [main] INFO  com.zekizheng.trading.UniversityTradingSystemApplicationTests- No active profile set, falling back to default profiles: default
2021/12/01-22:36:15.150 [main] INFO  com.zekizheng.trading.UniversityTradingSystemApplicationTests- Started UniversityTradingSystemApplicationTests in 2.277 seconds (JVM running for 3.224)
2021/12/01-22:37:14.381 [main] INFO  com.zekizheng.trading.UniversityTradingSystemApplicationTests- Starting UniversityTradingSystemApplicationTests using Java 1.8.0_241 on azongdeMacBook-Pro.local with PID 8289 (started by zongzi in /Users/zongzi/Developer/university-trading-system-backend)
2021/12/01-22:37:14.384 [main] INFO  com.zekizheng.trading.UniversityTradingSystemApplicationTests- No active profile set, falling back to default profiles: default
2021/12/01-22:37:16.451 [main] INFO  com.zekizheng.trading.UniversityTradingSystemApplicationTests- Started UniversityTradingSystemApplicationTests in 2.514 seconds (JVM running for 3.429)
2021/12/01-22:37:16.689 [main] INFO  com.zaxxer.hikari.HikariDataSource- HikariPool-1 - Starting...
2021/12/01-22:37:16.925 [main] INFO  com.zaxxer.hikari.HikariDataSource- HikariPool-1 - Start completed.
2021/12/01-22:37:17.078 [SpringApplicationShutdownHook] INFO  com.zaxxer.hikari.HikariDataSource- HikariPool-1 - Shutdown initiated...
2021/12/01-22:37:17.092 [SpringApplicationShutdownHook] INFO  com.zaxxer.hikari.HikariDataSource- HikariPool-1 - Shutdown completed.
2021/12/01-22:39:36.908 [main] INFO  com.zekizheng.trading.UniversityTradingSystemApplicationTests- Starting UniversityTradingSystemApplicationTests using Java 1.8.0_241 on azongdeMacBook-Pro.local with PID 8331 (started by zongzi in /Users/zongzi/Developer/university-trading-system-backend)
2021/12/01-22:39:36.910 [main] INFO  com.zekizheng.trading.UniversityTradingSystemApplicationTests- No active profile set, falling back to default profiles: default
2021/12/01-22:39:38.976 [main] INFO  com.zekizheng.trading.UniversityTradingSystemApplicationTests- Started UniversityTradingSystemApplicationTests in 2.594 seconds (JVM running for 3.646)
2021/12/01-22:39:39.203 [main] INFO  com.zaxxer.hikari.HikariDataSource- HikariPool-1 - Starting...
2021/12/01-22:39:39.366 [main] INFO  com.zaxxer.hikari.HikariDataSource- HikariPool-1 - Start completed.
2021/12/01-22:39:39.437 [SpringApplicationShutdownHook] INFO  com.zaxxer.hikari.HikariDataSource- HikariPool-1 - Shutdown initiated...
2021/12/01-22:39:39.446 [SpringApplicationShutdownHook] INFO  com.zaxxer.hikari.HikariDataSource- HikariPool-1 - Shutdown completed.
2021/12/01-22:40:32.811 [main] INFO  com.zekizheng.trading.UniversityTradingSystemApplicationTests- Starting UniversityTradingSystemApplicationTests using Java 1.8.0_241 on azongdeMacBook-Pro.local with PID 8348 (started by zongzi in /Users/zongzi/Developer/university-trading-system-backend)
2021/12/01-22:40:32.814 [main] INFO  com.zekizheng.trading.UniversityTradingSystemApplicationTests- No active profile set, falling back to default profiles: default
2021/12/01-22:40:34.769 [main] INFO  com.zekizheng.trading.UniversityTradingSystemApplicationTests- Started UniversityTradingSystemApplicationTests in 2.264 seconds (JVM running for 3.181)
2021/12/01-22:40:35.014 [main] INFO  com.zaxxer.hikari.HikariDataSource- HikariPool-1 - Starting...
2021/12/01-22:40:35.189 [main] INFO  com.zaxxer.hikari.HikariDataSource- HikariPool-1 - Start completed.
2021/12/01-22:40:35.254 [SpringApplicationShutdownHook] INFO  com.zaxxer.hikari.HikariDataSource- HikariPool-1 - Shutdown initiated...
2021/12/01-22:40:35.262 [SpringApplicationShutdownHook] INFO  com.zaxxer.hikari.HikariDataSource- HikariPool-1 - Shutdown completed.
2021/12/01-22:42:23.263 [main] INFO  com.zekizheng.trading.UniversityTradingSystemApplicationTests- Starting UniversityTradingSystemApplicationTests using Java 1.8.0_241 on azongdeMacBook-Pro.local with PID 8383 (started by zongzi in /Users/zongzi/Developer/university-trading-system-backend)
2021/12/01-22:42:23.266 [main] INFO  com.zekizheng.trading.UniversityTradingSystemApplicationTests- No active profile set, falling back to default profiles: default
2021/12/01-22:42:25.386 [main] INFO  com.zekizheng.trading.UniversityTradingSystemApplicationTests- Started UniversityTradingSystemApplicationTests in 2.697 seconds (JVM running for 3.765)
2021/12/01-22:42:25.678 [main] INFO  com.zaxxer.hikari.HikariDataSource- HikariPool-1 - Starting...
2021/12/01-22:42:25.866 [main] INFO  com.zaxxer.hikari.HikariDataSource- HikariPool-1 - Start completed.
2021/12/01-22:42:25.936 [SpringApplicationShutdownHook] INFO  com.zaxxer.hikari.HikariDataSource- HikariPool-1 - Shutdown initiated...
2021/12/01-22:42:25.946 [SpringApplicationShutdownHook] INFO  com.zaxxer.hikari.HikariDataSource- HikariPool-1 - Shutdown completed.
2021/12/01-22:43:37.762 [main] INFO  com.zekizheng.trading.UniversityTradingSystemApplicationTests- Starting UniversityTradingSystemApplicationTests using Java 1.8.0_241 on azongdeMacBook-Pro.local with PID 8414 (started by zongzi in /Users/zongzi/Developer/university-trading-system-backend)
2021/12/01-22:43:37.764 [main] INFO  com.zekizheng.trading.UniversityTradingSystemApplicationTests- No active profile set, falling back to default profiles: default
2021/12/01-22:43:39.787 [main] INFO  com.zekizheng.trading.UniversityTradingSystemApplicationTests- Started UniversityTradingSystemApplicationTests in 2.35 seconds (JVM running for 3.272)
2021/12/01-22:43:40.141 [main] INFO  com.zaxxer.hikari.HikariDataSource- HikariPool-1 - Starting...
2021/12/01-22:43:40.359 [main] INFO  com.zaxxer.hikari.HikariDataSource- HikariPool-1 - Start completed.
2021/12/01-22:43:40.431 [SpringApplicationShutdownHook] INFO  com.zaxxer.hikari.HikariDataSource- HikariPool-1 - Shutdown initiated...
2021/12/01-22:43:40.439 [SpringApplicationShutdownHook] INFO  com.zaxxer.hikari.HikariDataSource- HikariPool-1 - Shutdown completed.
2021/12/01-22:44:57.299 [main] INFO  com.zekizheng.trading.UniversityTradingSystemApplicationTests- Starting UniversityTradingSystemApplicationTests using Java 1.8.0_241 on azongdeMacBook-Pro.local with PID 8448 (started by zongzi in /Users/zongzi/Developer/university-trading-system-backend)
2021/12/01-22:44:57.304 [main] INFO  com.zekizheng.trading.UniversityTradingSystemApplicationTests- No active profile set, falling back to default profiles: default
2021/12/01-22:45:00.010 [main] INFO  com.zekizheng.trading.UniversityTradingSystemApplicationTests- Started UniversityTradingSystemApplicationTests in 3.346 seconds (JVM running for 4.473)
2021/12/01-22:45:00.260 [main] INFO  com.zaxxer.hikari.HikariDataSource- HikariPool-1 - Starting...
2021/12/01-22:45:00.449 [main] INFO  com.zaxxer.hikari.HikariDataSource- HikariPool-1 - Start completed.
2021/12/01-22:45:00.519 [SpringApplicationShutdownHook] INFO  com.zaxxer.hikari.HikariDataSource- HikariPool-1 - Shutdown initiated...
2021/12/01-22:45:00.532 [SpringApplicationShutdownHook] INFO  com.zaxxer.hikari.HikariDataSource- HikariPool-1 - Shutdown completed.
2021/12/01-22:47:24.000 [main] INFO  com.zekizheng.trading.UniversityTradingSystemApplicationTests- Starting UniversityTradingSystemApplicationTests using Java 1.8.0_241 on azongdeMacBook-Pro.local with PID 8492 (started by zongzi in /Users/zongzi/Developer/university-trading-system-backend)
2021/12/01-22:47:24.003 [main] INFO  com.zekizheng.trading.UniversityTradingSystemApplicationTests- No active profile set, falling back to default profiles: default
2021/12/01-22:47:26.081 [main] INFO  com.zekizheng.trading.UniversityTradingSystemApplicationTests- Started UniversityTradingSystemApplicationTests in 2.601 seconds (JVM running for 3.568)
2021/12/01-22:47:26.301 [main] INFO  com.zaxxer.hikari.HikariDataSource- HikariPool-1 - Starting...
2021/12/01-22:47:26.468 [main] INFO  com.zaxxer.hikari.HikariDataSource- HikariPool-1 - Start completed.
2021/12/01-22:47:26.563 [SpringApplicationShutdownHook] INFO  com.zaxxer.hikari.HikariDataSource- HikariPool-1 - Shutdown initiated...
2021/12/01-22:47:26.571 [SpringApplicationShutdownHook] INFO  com.zaxxer.hikari.HikariDataSource- HikariPool-1 - Shutdown completed.
2021/12/01-22:53:57.393 [main] INFO  com.zekizheng.trading.UniversityTradingSystemApplicationTests- Starting UniversityTradingSystemApplicationTests using Java 1.8.0_241 on azongdeMacBook-Pro.local with PID 8619 (started by zongzi in /Users/zongzi/Developer/university-trading-system-backend)
2021/12/01-22:53:57.396 [main] INFO  com.zekizheng.trading.UniversityTradingSystemApplicationTests- No active profile set, falling back to default profiles: default
2021/12/01-22:53:59.548 [main] INFO  com.zekizheng.trading.UniversityTradingSystemApplicationTests- Started UniversityTradingSystemApplicationTests in 2.54 seconds (JVM running for 3.562)
2021/12/01-22:53:59.851 [main] INFO  com.zaxxer.hikari.HikariDataSource- HikariPool-1 - Starting...
2021/12/01-22:54:00.049 [main] INFO  com.zaxxer.hikari.HikariDataSource- HikariPool-1 - Start completed.
2021/12/01-22:54:00.137 [SpringApplicationShutdownHook] INFO  com.zaxxer.hikari.HikariDataSource- HikariPool-1 - Shutdown initiated...
2021/12/01-22:54:00.148 [SpringApplicationShutdownHook] INFO  com.zaxxer.hikari.HikariDataSource- HikariPool-1 - Shutdown completed.
2021/12/01-22:55:16.216 [main] INFO  com.zekizheng.trading.UniversityTradingSystemApplicationTests- Starting UniversityTradingSystemApplicationTests using Java 1.8.0_241 on azongdeMacBook-Pro.local with PID 8657 (started by zongzi in /Users/zongzi/Developer/university-trading-system-backend)
2021/12/01-22:55:16.219 [main] INFO  com.zekizheng.trading.UniversityTradingSystemApplicationTests- No active profile set, falling back to default profiles: default
2021/12/01-22:55:18.274 [main] INFO  com.zekizheng.trading.UniversityTradingSystemApplicationTests- Started UniversityTradingSystemApplicationTests in 2.409 seconds (JVM running for 3.356)
2021/12/01-22:55:18.570 [main] INFO  com.zaxxer.hikari.HikariDataSource- HikariPool-1 - Starting...
2021/12/01-22:55:18.783 [main] INFO  com.zaxxer.hikari.HikariDataSource- HikariPool-1 - Start completed.
2021/12/01-22:55:18.972 [SpringApplicationShutdownHook] INFO  com.zaxxer.hikari.HikariDataSource- HikariPool-1 - Shutdown initiated...
2021/12/01-22:55:18.985 [SpringApplicationShutdownHook] INFO  com.zaxxer.hikari.HikariDataSource- HikariPool-1 - Shutdown completed.
2021/12/01-22:56:34.445 [main] INFO  com.zekizheng.trading.UniversityTradingSystemApplicationTests- Starting UniversityTradingSystemApplicationTests using Java 1.8.0_241 on azongdeMacBook-Pro.local with PID 8675 (started by zongzi in /Users/zongzi/Developer/university-trading-system-backend)
2021/12/01-22:56:34.447 [main] INFO  com.zekizheng.trading.UniversityTradingSystemApplicationTests- No active profile set, falling back to default profiles: default
2021/12/01-22:56:36.531 [main] INFO  com.zekizheng.trading.UniversityTradingSystemApplicationTests- Started UniversityTradingSystemApplicationTests in 2.618 seconds (JVM running for 3.618)
2021/12/01-22:56:36.761 [main] INFO  com.zaxxer.hikari.HikariDataSource- HikariPool-1 - Starting...
2021/12/01-22:56:36.926 [main] INFO  com.zaxxer.hikari.HikariDataSource- HikariPool-1 - Start completed.
2021/12/01-22:56:37.012 [SpringApplicationShutdownHook] INFO  com.zaxxer.hikari.HikariDataSource- HikariPool-1 - Shutdown initiated...
2021/12/01-22:56:37.020 [SpringApplicationShutdownHook] INFO  com.zaxxer.hikari.HikariDataSource- HikariPool-1 - Shutdown completed.
2021/12/01-23:19:03.443 [main] INFO  com.zekizheng.trading.UniversityTradingSystemApplicationTests- Starting UniversityTradingSystemApplicationTests using Java 1.8.0_241 on azongdeMacBook-Pro.local with PID 9024 (started by zongzi in /Users/zongzi/Developer/university-trading-system-backend)
2021/12/01-23:19:03.445 [main] INFO  com.zekizheng.trading.UniversityTradingSystemApplicationTests- No active profile set, falling back to default profiles: default
2021/12/01-23:19:05.582 [main] INFO  com.zekizheng.trading.UniversityTradingSystemApplicationTests- Started UniversityTradingSystemApplicationTests in 2.684 seconds (JVM running for 3.73)
2021/12/01-23:19:05.871 [main] INFO  com.zaxxer.hikari.HikariDataSource- HikariPool-1 - Starting...
2021/12/01-23:19:06.092 [main] INFO  com.zaxxer.hikari.HikariDataSource- HikariPool-1 - Start completed.
2021/12/01-23:19:06.159 [SpringApplicationShutdownHook] INFO  com.zaxxer.hikari.HikariDataSource- HikariPool-1 - Shutdown initiated...
2021/12/01-23:19:06.172 [SpringApplicationShutdownHook] INFO  com.zaxxer.hikari.HikariDataSource- HikariPool-1 - Shutdown completed.
